<?xml version="1.0" encoding="UTF-8"?>
<!-- Generated by org.testng.reporters.JUnitReportReporter -->
<testsuite skipped="0" hostname="DESKTOP-2I16S08" name="com.physiq_qa.runners.TestRunner" tests="1" failures="0" timestamp="2021-02-03T17:08:14 IST" time="95.454" errors="0">
  <testcase name="feature" time="95.454" classname="com.physiq_qa.runners.TestRunner"/>
  <system-out/>
</testsuite> <!-- com.physiq_qa.runners.TestRunner -->
