<?xml version="1.0" encoding="UTF-8"?>
<!-- Generated by org.testng.reporters.JUnitReportReporter -->
<testsuite skipped="0" hostname="DESKTOP-2I16S08" name="com.traderev_qa.runners.TestRunner" tests="1" failures="0" timestamp="2021-02-03T19:30:57 IST" time="140.211" errors="0">
  <testcase name="feature" time="140.211" classname="com.traderev_qa.runners.TestRunner"/>
  <system-out/>
</testsuite> <!-- com.traderev_qa.runners.TestRunner -->
